2025-08-29 20:11:32,118 [Worker-3: Loading available Gradle versions] INFO  o.e.b.c.i.u.g.PublishedGradleVersions - Gradle version information cache is not available. Remote download required.
2025-09-02 18:48:40,624 [Worker-0: Loading available Gradle versions] INFO  o.e.b.c.i.u.g.PublishedGradleVersions - Gradle version information cache is out-of-date. Trying to update.
2025-09-03 15:45:25,448 [Worker-0: Loading available Gradle versions] INFO  o.e.b.c.i.u.g.PublishedGradleVersions - Gradle version information cache is up-to-date. Trying to read.
2025-09-04 23:42:38,604 [Worker-2: Loading available Gradle versions] INFO  o.e.b.c.i.u.g.PublishedGradleVersions - Gradle version information cache is out-of-date. Trying to update.
2025-09-05 17:18:32,269 [Worker-0: Loading available Gradle versions] INFO  o.e.b.c.i.u.g.PublishedGradleVersions - Gradle version information cache is up-to-date. Trying to read.
2025-09-08 18:43:27,680 [Worker-0: Loading available Gradle versions] INFO  o.e.b.c.i.u.g.PublishedGradleVersions - Gradle version information cache is out-of-date. Trying to update.
2025-09-08 19:56:12,544 [Worker-0: Loading available Gradle versions] INFO  o.e.b.c.i.u.g.PublishedGradleVersions - Gradle version information cache is up-to-date. Trying to read.
2025-09-09 19:37:13,911 [Worker-0: Loading available Gradle versions] INFO  o.e.b.c.i.u.g.PublishedGradleVersions - Gradle version information cache is out-of-date. Trying to update.
2025-09-13 12:28:33,593 [Worker-1: Loading available Gradle versions] INFO  o.e.b.c.i.u.g.PublishedGradleVersions - Gradle version information cache is out-of-date. Trying to update.
2025-09-13 12:28:35,703 [Worker-1: Loading available Gradle versions] INFO  o.e.b.c.i.u.g.PublishedGradleVersions - Updating Gradle version information cache failed. Using outdated cache.
2025-09-13 13:27:10,671 [Worker-0: Loading available Gradle versions] INFO  o.e.b.c.i.u.g.PublishedGradleVersions - Gradle version information cache is out-of-date. Trying to update.
2025-09-17 13:52:26,160 [Worker-0: Loading available Gradle versions] INFO  o.e.b.c.i.u.g.PublishedGradleVersions - Gradle version information cache is out-of-date. Trying to update.
2025-09-18 13:30:41,764 [Worker-0: Loading available Gradle versions] INFO  o.e.b.c.i.u.g.PublishedGradleVersions - Gradle version information cache is up-to-date. Trying to read.
2025-09-19 14:32:09,105 [Worker-0: Loading available Gradle versions] INFO  o.e.b.c.i.u.g.PublishedGradleVersions - Gradle version information cache is out-of-date. Trying to update.
2025-09-25 14:36:19,056 [Worker-0: Loading available Gradle versions] INFO  o.e.b.c.i.u.g.PublishedGradleVersions - Gradle version information cache is out-of-date. Trying to update.
2025-09-26 15:11:29,773 [Worker-0: Loading available Gradle versions] INFO  o.e.b.c.i.u.g.PublishedGradleVersions - Gradle version information cache is out-of-date. Trying to update.
2025-09-29 17:46:02,140 [Worker-0: Loading available Gradle versions] INFO  o.e.b.c.i.u.g.PublishedGradleVersions - Gradle version information cache is out-of-date. Trying to update.
2025-09-30 18:22:34,959 [Worker-0: Loading available Gradle versions] INFO  o.e.b.c.i.u.g.PublishedGradleVersions - Gradle version information cache is out-of-date. Trying to update.
2025-10-01 18:23:40,778 [Worker-0: Loading available Gradle versions] INFO  o.e.b.c.i.u.g.PublishedGradleVersions - Gradle version information cache is out-of-date. Trying to update.
2025-10-02 15:40:16,932 [Worker-1: Loading available Gradle versions] INFO  o.e.b.c.i.u.g.PublishedGradleVersions - Gradle version information cache is up-to-date. Trying to read.
2025-10-02 15:43:57,390 [Worker-5: https://mirrors.aliyun.com/eclipse//releases/2025-09/202509101001/plugins/org.eclipse.debug.ui_3.19.0.v20250811-0711.jar] INFO  o.a.h.c.h.i.c.HttpRequestRetryExec - Recoverable I/O exception (java.net.SocketException) caught when processing request to {s}->[https://mirrors.aliyun.com:443]
2025-10-02 15:43:57,398 [Worker-17: https://mirrors.aliyun.com/eclipse//releases/2025-09/202509101001/plugins/org.eclipse.platform.doc.user_4.37.0.v20250826-0348.jar] INFO  o.a.h.c.h.i.c.HttpRequestRetryExec - Recoverable I/O exception (java.net.SocketException) caught when processing request to {s}->[https://mirrors.aliyun.com:443]
2025-10-02 15:43:57,427 [Worker-6: https://mirrors.aliyun.com/eclipse//releases/2025-09/202509101001/plugins/org.eclipse.jdt.core_3.43.0.v20250820-1501.jar] INFO  o.a.h.c.h.i.c.HttpRequestRetryExec - Recoverable I/O exception (java.net.SocketException) caught when processing request to {s}->[https://mirrors.aliyun.com:443]
2025-10-02 15:43:57,441 [Worker-27: https://mirrors.aliyun.com/eclipse//releases/2025-09/202509101001/plugins/org.eclipse.lemminx.uber-jar_0.31.0.jar] INFO  o.a.h.c.h.i.c.HttpRequestRetryExec - Recoverable I/O exception (java.net.SocketException) caught when processing request to {s}->[https://mirrors.aliyun.com:443]
2025-10-02 15:43:57,883 [Worker-28: https://mirrors.aliyun.com/eclipse//releases/2025-09/202509101001/plugins/org.eclipse.lemminx.uber-jar_0.31.0.jar] INFO  o.a.h.c.h.i.c.HttpRequestRetryExec - Recoverable I/O exception (java.net.SocketException) caught when processing request to {s}->[https://mirrors.aliyun.com:443]
2025-10-02 15:43:57,903 [Worker-17: https://mirrors.aliyun.com/eclipse//releases/2025-09/202509101001/plugins/org.eclipse.jdt.core_3.43.0.v20250820-1501.jar] INFO  o.a.h.c.h.i.c.HttpRequestRetryExec - Recoverable I/O exception (java.net.SocketException) caught when processing request to {s}->[https://mirrors.aliyun.com:443]
2025-10-02 15:43:57,908 [Worker-12: https://mirrors.aliyun.com/eclipse//releases/2025-09/202509101001/plugins/org.eclipse.platform.doc.user_4.37.0.v20250826-0348.jar] INFO  o.a.h.c.h.i.c.HttpRequestRetryExec - Recoverable I/O exception (java.net.SocketException) caught when processing request to {s}->[https://mirrors.aliyun.com:443]
2025-10-02 15:43:57,913 [Worker-29: https://mirrors.aliyun.com/eclipse//releases/2025-09/202509101001/plugins/org.eclipse.debug.ui_3.19.0.v20250811-0711.jar] INFO  o.a.h.c.h.i.c.HttpRequestRetryExec - Recoverable I/O exception (java.net.SocketException) caught when processing request to {s}->[https://mirrors.aliyun.com:443]
2025-10-02 15:43:58,151 [Worker-5: https://mirrors.aliyun.com/eclipse//releases/2025-09/202509101001/plugins/org.eclipse.platform.doc.user_4.37.0.v20250826-0348.jar] INFO  o.a.h.c.h.i.c.HttpRequestRetryExec - Recoverable I/O exception (java.net.SocketException) caught when processing request to {s}->[https://mirrors.aliyun.com:443]
2025-10-02 15:43:58,154 [Worker-27: https://mirrors.aliyun.com/eclipse//releases/2025-09/202509101001/plugins/org.eclipse.lemminx.uber-jar_0.31.0.jar] INFO  o.a.h.c.h.i.c.HttpRequestRetryExec - Recoverable I/O exception (java.net.SocketException) caught when processing request to {s}->[https://mirrors.aliyun.com:443]
2025-10-02 15:43:58,190 [Worker-9: https://mirrors.aliyun.com/eclipse//releases/2025-09/202509101001/plugins/org.eclipse.jdt.core_3.43.0.v20250820-1501.jar] INFO  o.a.h.c.h.i.c.HttpRequestRetryExec - Recoverable I/O exception (java.net.SocketException) caught when processing request to {s}->[https://mirrors.aliyun.com:443]
2025-10-02 15:43:58,279 [Worker-6: https://mirrors.aliyun.com/eclipse//releases/2025-09/202509101001/plugins/org.eclipse.debug.ui_3.19.0.v20250811-0711.jar] INFO  o.a.h.c.h.i.c.HttpRequestRetryExec - Recoverable I/O exception (java.net.SocketException) caught when processing request to {s}->[https://mirrors.aliyun.com:443]
2025-10-02 15:43:58,551 [Worker-19: https://mirrors.aliyun.com/eclipse//releases/2025-09/202509101001/plugins/org.eclipse.jdt.core_3.43.0.v20250820-1501.jar] INFO  o.a.h.c.h.i.c.HttpRequestRetryExec - Recoverable I/O exception (java.net.SocketException) caught when processing request to {s}->[https://mirrors.aliyun.com:443]
2025-10-02 15:43:58,561 [Worker-23: https://mirrors.aliyun.com/eclipse//releases/2025-09/202509101001/plugins/org.eclipse.platform.doc.user_4.37.0.v20250826-0348.jar] INFO  o.a.h.c.h.i.c.HttpRequestRetryExec - Recoverable I/O exception (java.net.SocketException) caught when processing request to {s}->[https://mirrors.aliyun.com:443]
2025-10-02 15:43:58,666 [Worker-1: https://mirrors.aliyun.com/eclipse//releases/2025-09/202509101001/plugins/org.eclipse.debug.ui_3.19.0.v20250811-0711.jar] INFO  o.a.h.c.h.i.c.HttpRequestRetryExec - Recoverable I/O exception (java.net.SocketException) caught when processing request to {s}->[https://mirrors.aliyun.com:443]
2025-10-02 15:43:58,674 [Worker-24: https://mirrors.aliyun.com/eclipse//releases/2025-09/202509101001/plugins/org.eclipse.lemminx.uber-jar_0.31.0.jar] INFO  o.a.h.c.h.i.c.HttpRequestRetryExec - Recoverable I/O exception (java.net.SocketException) caught when processing request to {s}->[https://mirrors.aliyun.com:443]
2025-10-02 15:43:58,866 [Worker-25: https://mirrors.aliyun.com/eclipse//releases/2025-09/202509101001/plugins/org.apache.lucene.analysis-common_10.2.2.v20250621-0700.jar] INFO  o.a.h.c.h.i.c.HttpRequestRetryExec - Recoverable I/O exception (java.net.SocketException) caught when processing request to {s}->[https://mirrors.aliyun.com:443]
2025-10-02 15:43:58,896 [Worker-26: https://mirrors.aliyun.com/eclipse//releases/2025-09/202509101001/plugins/org.eclipse.osgi_3.23.200.v20250812-1847.jar] INFO  o.a.h.c.h.i.c.HttpRequestRetryExec - Recoverable I/O exception (java.net.SocketException) caught when processing request to {s}->[https://mirrors.aliyun.com:443]
2025-10-02 15:43:58,949 [Worker-21: https://mirrors.aliyun.com/eclipse//releases/2025-09/202509101001/plugins/org.eclipse.mylyn.help.ui_4.8.0.v20250625-0934.jar] INFO  o.a.h.c.h.i.c.HttpRequestRetryExec - Recoverable I/O exception (java.net.SocketException) caught when processing request to {s}->[https://mirrors.aliyun.com:443]
2025-10-02 15:43:59,202 [Worker-25: https://mirrors.aliyun.com/eclipse//releases/2025-09/202509101001/plugins/org.apache.lucene.analysis-common_10.2.2.v20250621-0700.jar] INFO  o.a.h.c.h.i.c.HttpRequestRetryExec - Recoverable I/O exception (java.net.SocketException) caught when processing request to {s}->[https://mirrors.aliyun.com:443]
2025-10-02 15:43:59,291 [Worker-29: https://mirrors.aliyun.com/eclipse//releases/2025-09/202509101001/plugins/org.eclipse.osgi_3.23.200.v20250812-1847.jar] INFO  o.a.h.c.h.i.c.HttpRequestRetryExec - Recoverable I/O exception (java.net.SocketException) caught when processing request to {s}->[https://mirrors.aliyun.com:443]
2025-10-02 15:43:59,340 [Worker-28: https://mirrors.aliyun.com/eclipse//releases/2025-09/202509101001/plugins/org.eclipse.mylyn.help.ui_4.8.0.v20250625-0934.jar] INFO  o.a.h.c.h.i.c.HttpRequestRetryExec - Recoverable I/O exception (java.net.SocketException) caught when processing request to {s}->[https://mirrors.aliyun.com:443]
2025-10-02 15:43:59,466 [Worker-27: https://mirrors.aliyun.com/eclipse//releases/2025-09/202509101001/plugins/org.eclipse.jdt.junit_3.17.200.v20250616-1826.jar] INFO  o.a.h.c.h.i.c.HttpRequestRetryExec - Recoverable I/O exception (java.net.SocketException) caught when processing request to {s}->[https://mirrors.aliyun.com:443]
2025-10-02 15:43:59,516 [Worker-17: https://mirrors.aliyun.com/eclipse//releases/2025-09/202509101001/plugins/org.eclipse.m2e.core.ui_2.4.1.20250811-2022.jar] INFO  o.a.h.c.h.i.c.HttpRequestRetryExec - Recoverable I/O exception (java.net.SocketException) caught when processing request to {s}->[https://mirrors.aliyun.com:443]
2025-10-02 15:43:59,832 [Worker-14: https://mirrors.aliyun.com/eclipse//releases/2025-09/202509101001/plugins/org.eclipse.m2e.core_2.7.4.20250806-1328.jar] INFO  o.a.h.c.h.i.c.HttpRequestRetryExec - Recoverable I/O exception (java.net.SocketException) caught when processing request to {s}->[https://mirrors.aliyun.com:443]
2025-10-02 15:43:59,852 [Worker-24: https://mirrors.aliyun.com/eclipse//releases/2025-09/202509101001/plugins/org.eclipse.cdt.core.win32.x86_64_12.2.0.202509030008.jar] INFO  o.a.h.c.h.i.c.HttpRequestRetryExec - Recoverable I/O exception (java.net.SocketException) caught when processing request to {s}->[https://mirrors.aliyun.com:443]
2025-10-02 15:43:59,862 [Worker-22: https://mirrors.aliyun.com/eclipse//releases/2025-09/202509101001/plugins/org.eclipse.m2e.core.ui_2.4.1.20250811-2022.jar] INFO  o.a.h.c.h.i.c.HttpRequestRetryExec - Recoverable I/O exception (java.net.SocketException) caught when processing request to {s}->[https://mirrors.aliyun.com:443]
2025-10-02 15:43:59,868 [Worker-29: https://mirrors.aliyun.com/eclipse//releases/2025-09/202509101001/plugins/org.eclipse.jdt.junit_3.17.200.v20250616-1826.jar] INFO  o.a.h.c.h.i.c.HttpRequestRetryExec - Recoverable I/O exception (java.net.SocketException) caught when processing request to {s}->[https://mirrors.aliyun.com:443]
2025-10-02 15:44:00,232 [Worker-23: https://mirrors.aliyun.com/eclipse//releases/2025-09/202509101001/plugins/org.eclipse.m2e.core_2.7.4.20250806-1328.jar] INFO  o.a.h.c.h.i.c.HttpRequestRetryExec - Recoverable I/O exception (java.net.SocketException) caught when processing request to {s}->[https://mirrors.aliyun.com:443]
2025-10-02 15:44:00,281 [Worker-26: https://mirrors.aliyun.com/eclipse//releases/2025-09/202509101001/plugins/org.eclipse.cdt.core.win32.x86_64_12.2.0.202509030008.jar] INFO  o.a.h.c.h.i.c.HttpRequestRetryExec - Recoverable I/O exception (java.net.SocketException) caught when processing request to {s}->[https://mirrors.aliyun.com:443]
2025-10-02 15:44:00,901 [Worker-24: https://mirrors.aliyun.com/eclipse//releases/2025-09/202509101001/plugins/org.eclipse.pde.runtime_3.8.800.v20250629-0856.jar] INFO  o.a.h.c.h.i.c.HttpRequestRetryExec - Recoverable I/O exception (java.net.SocketException) caught when processing request to {s}->[https://mirrors.aliyun.com:443]
2025-10-02 15:44:00,969 [Worker-19: https://mirrors.aliyun.com/eclipse//releases/2025-09/202509101001/plugins/org.eclipse.mylyn.commons.ui_4.8.0.v20250810-0711.jar] INFO  o.a.h.c.h.i.c.HttpRequestRetryExec - Recoverable I/O exception (java.net.SocketException) caught when processing request to {s}->[https://mirrors.aliyun.com:443]
2025-10-02 15:44:01,019 [Worker-29: https://mirrors.aliyun.com/eclipse//releases/2025-09/202509101001/plugins/org.eclipse.terminal.view.ui_1.0.0.v20250819-0800.jar] INFO  o.a.h.c.h.i.c.HttpRequestRetryExec - Recoverable I/O exception (java.net.SocketException) caught when processing request to {s}->[https://mirrors.aliyun.com:443]
2025-10-02 15:44:01,025 [Worker-21: https://mirrors.aliyun.com/eclipse//releases/2025-09/202509101001/plugins/org.snakeyaml.engine_2.10.0.jar] INFO  o.a.h.c.h.i.c.HttpRequestRetryExec - Recoverable I/O exception (java.net.SocketException) caught when processing request to {s}->[https://mirrors.aliyun.com:443]
2025-10-02 15:44:01,268 [Worker-6: https://mirrors.aliyun.com/eclipse//releases/2025-09/202509101001/plugins/org.eclipse.pde.runtime_3.8.800.v20250629-0856.jar] INFO  o.a.h.c.h.i.c.HttpRequestRetryExec - Recoverable I/O exception (java.net.SocketException) caught when processing request to {s}->[https://mirrors.aliyun.com:443]
2025-10-02 15:44:01,325 [Worker-22: https://mirrors.aliyun.com/eclipse//releases/2025-09/202509101001/plugins/org.eclipse.mylyn.commons.ui_4.8.0.v20250810-0711.jar] INFO  o.a.h.c.h.i.c.HttpRequestRetryExec - Recoverable I/O exception (java.net.SocketException) caught when processing request to {s}->[https://mirrors.aliyun.com:443]
2025-10-02 15:44:01,427 [Worker-21: https://mirrors.aliyun.com/eclipse//releases/2025-09/202509101001/plugins/org.snakeyaml.engine_2.10.0.jar] INFO  o.a.h.c.h.i.c.HttpRequestRetryExec - Recoverable I/O exception (java.net.SocketException) caught when processing request to {s}->[https://mirrors.aliyun.com:443]
2025-10-02 15:44:01,433 [Worker-25: https://mirrors.aliyun.com/eclipse//releases/2025-09/202509101001/plugins/org.eclipse.terminal.view.ui_1.0.0.v20250819-0800.jar] INFO  o.a.h.c.h.i.c.HttpRequestRetryExec - Recoverable I/O exception (java.net.SocketException) caught when processing request to {s}->[https://mirrors.aliyun.com:443]
2025-10-02 15:44:01,548 [Worker-9: https://mirrors.aliyun.com/eclipse//releases/2025-09/202509101001/plugins/org.eclipse.ui.views.log_1.4.900.v20250610-0952.jar] INFO  o.a.h.c.h.i.c.HttpRequestRetryExec - Recoverable I/O exception (java.net.SocketException) caught when processing request to {s}->[https://mirrors.aliyun.com:443]
2025-10-02 15:44:01,595 [Worker-5: https://mirrors.aliyun.com/eclipse//releases/2025-09/202509101001/plugins/org.commonmark_0.25.1.jar] INFO  o.a.h.c.h.i.c.HttpRequestRetryExec - Recoverable I/O exception (java.net.SocketException) caught when processing request to {s}->[https://mirrors.aliyun.com:443]
2025-10-02 15:44:01,712 [Worker-26: https://mirrors.aliyun.com/eclipse//releases/2025-09/202509101001/plugins/org.eclipse.equinox.registry_3.12.500.v20250708-0540.jar] INFO  o.a.h.c.h.i.c.HttpRequestRetryExec - Recoverable I/O exception (java.net.SocketException) caught when processing request to {s}->[https://mirrors.aliyun.com:443]
2025-10-02 15:44:01,727 [Worker-19: https://mirrors.aliyun.com/eclipse//releases/2025-09/202509101001/plugins/org.eclipse.epp.mpc.core_1.13.0.v20250816-1241.jar] INFO  o.a.h.c.h.i.c.HttpRequestRetryExec - Recoverable I/O exception (java.net.SocketException) caught when processing request to {s}->[https://mirrors.aliyun.com:443]
2025-10-02 15:44:01,960 [Worker-27: https://mirrors.aliyun.com/eclipse//releases/2025-09/202509101001/plugins/org.eclipse.ui.views.log_1.4.900.v20250610-0952.jar] INFO  o.a.h.c.h.i.c.HttpRequestRetryExec - Recoverable I/O exception (java.net.SocketException) caught when processing request to {s}->[https://mirrors.aliyun.com:443]
2025-10-02 15:44:01,963 [Worker-9: https://mirrors.aliyun.com/eclipse//releases/2025-09/202509101001/plugins/org.commonmark_0.25.1.jar] INFO  o.a.h.c.h.i.c.HttpRequestRetryExec - Recoverable I/O exception (java.net.SocketException) caught when processing request to {s}->[https://mirrors.aliyun.com:443]
2025-10-02 15:44:02,097 [Worker-18: https://mirrors.aliyun.com/eclipse//releases/2025-09/202509101001/plugins/org.eclipse.equinox.registry_3.12.500.v20250708-0540.jar] INFO  o.a.h.c.h.i.c.HttpRequestRetryExec - Recoverable I/O exception (java.net.SocketException) caught when processing request to {s}->[https://mirrors.aliyun.com:443]
2025-10-02 15:44:02,138 [Worker-17: https://mirrors.aliyun.com/eclipse//releases/2025-09/202509101001/plugins/org.eclipse.epp.mpc.core_1.13.0.v20250816-1241.jar] INFO  o.a.h.c.h.i.c.HttpRequestRetryExec - Recoverable I/O exception (java.net.SocketException) caught when processing request to {s}->[https://mirrors.aliyun.com:443]
2025-10-02 15:44:02,212 [Worker-26: https://mirrors.aliyun.com/eclipse//releases/2025-09/202509101001/plugins/org.eclipse.mylyn.commons.workbench_4.8.0.v20250813-0645.jar] INFO  o.a.h.c.h.i.c.HttpRequestRetryExec - Recoverable I/O exception (java.net.SocketException) caught when processing request to {s}->[https://mirrors.aliyun.com:443]
2025-10-02 15:44:02,214 [Worker-27: https://mirrors.aliyun.com/eclipse//releases/2025-09/202509101001/plugins/org.eclipse.e4.ui.workbench.swt_0.17.900.v20250612-1000.jar] INFO  o.a.h.c.h.i.c.HttpRequestRetryExec - Recoverable I/O exception (java.net.SocketException) caught when processing request to {s}->[https://mirrors.aliyun.com:443]
2025-10-02 15:44:02,332 [Worker-18: https://mirrors.aliyun.com/eclipse//releases/2025-09/202509101001/plugins/org.apache.batik.util_1.19.0.v20250506-1400.jar] INFO  o.a.h.c.h.i.c.HttpRequestRetryExec - Recoverable I/O exception (java.net.SocketException) caught when processing request to {s}->[https://mirrors.aliyun.com:443]
2025-10-02 15:44:02,408 [Worker-20: https://mirrors.aliyun.com/eclipse//releases/2025-09/202509101001/plugins/org.eclipse.equinox.p2.metadata.repository_1.5.700.v20250720-0955.jar] INFO  o.a.h.c.h.i.c.HttpRequestRetryExec - Recoverable I/O exception (java.net.SocketException) caught when processing request to {s}->[https://mirrors.aliyun.com:443]
2025-10-02 15:44:54,252 [Worker-6: https://download.eclipse.org/technology/epp/packages/2025-06/202506041200/content.jar] INFO  o.a.h.c.h.i.c.HttpRequestRetryExec - Recoverable I/O exception (java.net.SocketException) caught when processing request to {s}->[https://download.eclipse.org:443]
2025-10-02 15:44:54,252 [Worker-8: https://download.eclipse.org/releases/latest/compositeContent.jar] INFO  o.a.h.c.h.i.c.HttpRequestRetryExec - Recoverable I/O exception (java.net.SocketException) caught when processing request to {s}->[https://download.eclipse.org:443]
2025-10-02 15:44:54,278 [Worker-12: https://download.eclipse.org/releases/2025-06/202506111000/content.xml.xz] INFO  o.a.h.c.h.i.c.HttpRequestRetryExec - Recoverable I/O exception (java.net.SocketException) caught when processing request to {s}->[https://download.eclipse.org:443]
2025-10-02 15:45:02,187 [Worker-10: https://download.eclipse.org/oomph/updates/milestone/latest/compositeContent.xml] INFO  o.a.h.c.h.i.c.HttpRequestRetryExec - Recoverable I/O exception (java.net.SocketException) caught when processing request to {s}->[https://download.eclipse.org:443]
